<?xml version="1.0" encoding="UTF-8"?>
<robot generator="Robot 4.1.3 (Python 3.8.6 on win32)" generated="20220315 21:58:45.326" rpa="false" schemaversion="2">
<suite id="s1" name="CT 02 OrcamentoReserva" source="C:\Users\gabriel.dacosta\azuredevops\ProjectAutomationVHF\CT_02_OrcamentoReserva">
<suite id="s1-s1" name="CN 02.01 FazerReservaComAlteracoesProgramadas(ValorManual,Desconto,Tarifa,Pacote,DiferencaDeDiaria,Segmento,Pensao)EVerificarOrcamento" source="C:\Users\gabriel.dacosta\azuredevops\ProjectAutomationVHF\CT_02_OrcamentoReserva\CN_02.01_FazerReservaComAlteracoesProgramadas(ValorManual,Desconto,Tarifa,Pacote,DiferencaDeDiaria,Segmento,Pensao)EVerificarOrcamento.robot">
<kw name="Start Sikuli Process" library="SikuliLibrary" type="SETUP">
<msg timestamp="20220315 21:58:53.245" level="INFO">Starting process:
java -jar c:\users\gabriel.dacosta\appdata\local\programs\python\python38\lib\site-packages\SikuliLibrary\lib\SikuliLibrary.jar 62324 C:\Users\gabriel.dacosta\azuredevops\ProjectAutomationVHF\results</msg>
<msg timestamp="20220315 21:58:53.262" level="INFO">Start sikuli java process on port 62324</msg>
<msg timestamp="20220315 21:58:55.078" level="INFO">Sikuli java process is started</msg>
<status status="PASS" starttime="20220315 21:58:53.241" endtime="20220315 21:58:59.102"/>
</kw>
<test id="s1-s1-t1" name="Test Case 02.01: Fazer reserva com alterações programadas (Valor Manual, Desconto, Tarifa, Pacote, Diferença de Diária, Segmento, Pensão) e Verificar Orçamento.">
<kw name="Add Needed Image Path" type="SETUP">
<kw name="Add Image Path" library="SikuliLibrary">
<arg>${IMAGE_DIR}</arg>
<doc>Add image path</doc>
<status status="PASS" starttime="20220315 21:58:59.105" endtime="20220315 21:58:59.133"/>
</kw>
<status status="PASS" starttime="20220315 21:58:59.104" endtime="20220315 21:58:59.134"/>
</kw>
<kw name="Disables automatic screenshot capturing on failure" library="ResourceDesktop">
<kw name="Take Screenshots On Failure" library="WhiteLibrary">
<arg>FALSE</arg>
<doc>Disables or enables automatic screenshot capturing on failure.</doc>
<status status="PASS" starttime="20220315 21:58:59.135" endtime="20220315 21:58:59.136"/>
</kw>
<status status="PASS" starttime="20220315 21:58:59.135" endtime="20220315 21:58:59.136"/>
</kw>
<kw name="Abrir Modulo VHF" library="ResourceDesktop">
<kw name="Launch Application" library="WhiteLibrary">
<arg>${DIR.VHF}</arg>
<doc>Launches an application.</doc>
<status status="PASS" starttime="20220315 21:58:59.137" endtime="20220315 21:58:59.297"/>
</kw>
<status status="PASS" starttime="20220315 21:58:59.137" endtime="20220315 21:58:59.298"/>
</kw>
<kw name="Acessar a página de login da aplicação - SQL" library="LoginDesktop">
<kw name="Attach Window" library="WhiteLibrary">
<arg>class_name:TFrmParamSysPadrao</arg>
<doc>Attaches WhiteLibrary to a window.</doc>
<status status="PASS" starttime="20220315 21:58:59.305" endtime="20220315 21:59:01.182"/>
</kw>
<kw name="Wait Until Item Exists" library="WhiteLibrary">
<arg>${LOGIN_PARAMCONEX0}</arg>
<arg>5</arg>
<doc>Waits until an item with given locator exists in the attached window.</doc>
<status status="PASS" starttime="20220315 21:59:01.183" endtime="20220315 21:59:01.616"/>
</kw>
<kw name="Double Click Item" library="WhiteLibrary">
<arg>${LOGIN_PARAMCONEX1}</arg>
<doc>Double clicks an item.</doc>
<status status="PASS" starttime="20220315 21:59:01.617" endtime="20220315 21:59:01.874"/>
</kw>
<kw name="Double Click Item" library="WhiteLibrary">
<arg>text:Configurações</arg>
<doc>Double clicks an item.</doc>
<status status="PASS" starttime="20220315 21:59:01.874" endtime="20220315 21:59:02.075"/>
</kw>
<kw name="Click Item" library="WhiteLibrary">
<arg>text:SQL Server</arg>
<doc>Clicks an item.</doc>
<status status="PASS" starttime="20220315 21:59:02.076" endtime="20220315 21:59:02.312"/>
</kw>
<kw name="Button Text Should Be" library="WhiteLibrary">
<arg>${LOGIN_BUTTONCONFIR}</arg>
<arg>Confirmar</arg>
<doc>Verifies exact text in a button.</doc>
<status status="PASS" starttime="20220315 21:59:02.313" endtime="20220315 21:59:02.391"/>
</kw>
<kw name="Click Button" library="WhiteLibrary">
<arg>${LOGIN_BUTTONCONFIR}</arg>
<doc>Clicks a button.</doc>
<status status="PASS" starttime="20220315 21:59:02.391" endtime="20220315 21:59:02.682"/>
</kw>
<status status="PASS" starttime="20220315 21:58:59.304" endtime="20220315 21:59:02.683"/>
</kw>
<kw name="Realizar login na aplicação - SQL" library="LoginDesktop">
<kw name="Set White Busy Timeout" library="WhiteLibrary">
<arg>10 seconds</arg>
<doc>Sets BusyTimeout for White and returns original value.</doc>
<msg timestamp="20220315 21:59:02.693" level="INFO">White Busy Timeout set to 10000</msg>
<status status="PASS" starttime="20220315 21:59:02.690" endtime="20220315 21:59:02.693"/>
</kw>
<kw name="Attach Window" library="WhiteLibrary">
<arg>${LOGIN_TELALOGIN}</arg>
<doc>Attaches WhiteLibrary to a window.</doc>
<status status="PASS" starttime="20220315 21:59:02.694" endtime="20220315 21:59:03.976"/>
</kw>
<kw name="Window Title Should Be" library="WhiteLibrary">
<arg>${LOGIN_TITLELOGIN}</arg>
<doc>Verifies that the title of the currently attached window is ``expected``.</doc>
<status status="PASS" starttime="20220315 21:59:03.976" endtime="20220315 21:59:03.994"/>
</kw>
<kw name="Get Items" library="WhiteLibrary">
<var>@{CAIXA_LOGIN}</var>
<arg>class_name:TEdit</arg>
<doc>Returns a list of items that match the given ``locator``.</doc>
<msg timestamp="20220315 21:59:04.090" level="INFO">@{CAIXA_LOGIN} = [ TextBox. AutomationId:2167144, Name:, ControlType:editar, FrameworkId:Win32 | TextBox. AutomationId:1512970, Name:, ControlType:editar, FrameworkId:Win32 ]</msg>
<status status="PASS" starttime="20220315 21:59:03.994" endtime="20220315 21:59:04.090"/>
</kw>
<kw name="Mouse Click" library="WhiteLibrary">
<doc>Clicks mouse at given position.</doc>
<status status="PASS" starttime="20220315 21:59:04.090" endtime="20220315 21:59:04.106"/>
</kw>
<kw name="Input Text To Textbox" library="WhiteLibrary">
<arg>${CAIXA_LOGIN[0]}</arg>
<arg>${LOGIN.usersql}</arg>
<doc>Writes text to a textbox.</doc>
<status status="PASS" starttime="20220315 21:59:04.106" endtime="20220315 21:59:04.266"/>
</kw>
<kw name="Move Mouse" library="WhiteLibrary">
<arg>704</arg>
<arg>375</arg>
<doc>Add (``x``, ``y``) to current mouse location.</doc>
<status status="PASS" starttime="20220315 21:59:04.267" endtime="20220315 21:59:04.270"/>
</kw>
<kw name="Input Text To Textbox" library="WhiteLibrary">
<arg>${CAIXA_LOGIN[1]}</arg>
<arg>${LOGIN.senhasql}</arg>
<doc>Writes text to a textbox.</doc>
<status status="PASS" starttime="20220315 21:59:04.270" endtime="20220315 21:59:04.378"/>
</kw>
<kw name="Click Button" library="WhiteLibrary">
<arg>${LOGIN_BUTTONCONFIR}</arg>
<doc>Clicks a button.</doc>
<status status="PASS" starttime="20220315 21:59:04.378" endtime="20220315 21:59:04.925"/>
</kw>
<status status="PASS" starttime="20220315 21:59:02.686" endtime="20220315 21:59:04.925"/>
</kw>
<kw name="Selecionar Empresa - VHF" library="LoginDesktop">
<kw name="Attach Window" library="WhiteLibrary">
<arg>${LOGIN_SELECEMPRESA}</arg>
<doc>Attaches WhiteLibrary to a window.</doc>
<status status="PASS" starttime="20220315 21:59:04.927" endtime="20220315 21:59:04.931"/>
</kw>
<kw name="Window Title Should Be" library="WhiteLibrary">
<arg>${LOGIN_TITLEEMPRESA}</arg>
<doc>Verifies that the title of the currently attached window is ``expected``.</doc>
<status status="PASS" starttime="20220315 21:59:04.932" endtime="20220315 21:59:04.948"/>
</kw>
<kw name="Mouse Click" library="WhiteLibrary">
<arg>909</arg>
<arg>363</arg>
<doc>Clicks mouse at given position.</doc>
<status status="PASS" starttime="20220315 21:59:04.948" endtime="20220315 21:59:04.967"/>
</kw>
<kw name="Click Item" library="WhiteLibrary">
<arg>${LOGIN_COMBOEMPRESA}</arg>
<doc>Clicks an item.</doc>
<status status="PASS" starttime="20220315 21:59:04.968" endtime="20220315 21:59:05.090"/>
</kw>
<kw name="Mouse Click" library="WhiteLibrary">
<arg>546</arg>
<arg>400</arg>
<doc>Clicks mouse at given position.</doc>
<status status="PASS" starttime="20220315 21:59:05.090" endtime="20220315 21:59:05.100"/>
</kw>
<kw name="Verify Text In Textbox" library="WhiteLibrary">
<arg>${LOGIN_DESCREMPRESA}</arg>
<arg>${LOGIN_EMPRESA_QA_FRONT}</arg>
<doc>Verifies text in a text box.</doc>
<status status="PASS" starttime="20220315 21:59:05.101" endtime="20220315 21:59:05.182"/>
</kw>
<kw name="Click Button" library="WhiteLibrary">
<arg>${LOGIN_BUTTONCONFIR}</arg>
<doc>Clicks a button.</doc>
<status status="PASS" starttime="20220315 21:59:05.182" endtime="20220315 21:59:05.640"/>
</kw>
<kw name="Set White Busy Timeout" library="WhiteLibrary">
<arg>120 seconds</arg>
<doc>Sets BusyTimeout for White and returns original value.</doc>
<msg timestamp="20220315 21:59:05.641" level="INFO">White Busy Timeout set to 120000</msg>
<status status="PASS" starttime="20220315 21:59:05.641" endtime="20220315 21:59:05.641"/>
</kw>
<kw name="Get Application Windows" library="WhiteLibrary">
<var>@{ATENCAO}</var>
<doc>Returns a list of windows belonging to the currently attached application.</doc>
<msg timestamp="20220315 21:59:29.965" level="INFO">@{ATENCAO} = [ Visual Hotal FrontOffice v12.01.2204.00 ]</msg>
<status status="PASS" starttime="20220315 21:59:05.642" endtime="20220315 21:59:29.965"/>
</kw>
<kw name="Attach Window" library="WhiteLibrary">
<arg>${ATENCAO[0]}</arg>
<doc>Attaches WhiteLibrary to a window.</doc>
<status status="PASS" starttime="20220315 21:59:29.966" endtime="20220315 21:59:29.970"/>
</kw>
<kw name="Click Button" library="WhiteLibrary">
<arg>${BUTTON_OK}</arg>
<doc>Clicks a button.</doc>
<status status="PASS" starttime="20220315 21:59:29.970" endtime="20220315 21:59:31.807"/>
</kw>
<status status="PASS" starttime="20220315 21:59:04.926" endtime="20220315 21:59:31.807"/>
</kw>
<kw name="Conferir se a tela principal do modulo VHF foi exibida" library="ConferenceDesktop">
<kw name="Set White Busy Timeout" library="WhiteLibrary">
<arg>${CONFERENCIA_TIMEOUT}</arg>
<doc>Sets BusyTimeout for White and returns original value.</doc>
<msg timestamp="20220315 21:59:31.809" level="INFO">White Busy Timeout set to 10000</msg>
<status status="PASS" starttime="20220315 21:59:31.809" endtime="20220315 21:59:31.809"/>
</kw>
<kw name="Attach Window" library="WhiteLibrary">
<arg>${SCREEN_TELAPRINCIPAL}</arg>
<doc>Attaches WhiteLibrary to a window.</doc>
<status status="PASS" starttime="20220315 21:59:31.809" endtime="20220315 21:59:31.832"/>
</kw>
<kw name="Window Title Should Contain" library="WhiteLibrary">
<arg>Visual Hotal FrontOffice</arg>
<doc>Verifies that the title of the currently attached window contains text ``expected``.</doc>
<status status="PASS" starttime="20220315 21:59:31.832" endtime="20220315 21:59:31.844"/>
</kw>
<status status="PASS" starttime="20220315 21:59:31.808" endtime="20220315 21:59:31.844"/>
</kw>
<kw name="Acessar a tela de Reserva Individual">
<kw name="Click" library="SikuliLibrary">
<arg>${IMAGE_RESINDIV}</arg>
<doc>Click</doc>
<msg timestamp="20220315 21:59:33.161" level="INFO" html="true">&lt;img src='sikuli_captured/sikuliximage-1647392372393.png'/&gt;
[log] CLICK on L[388,65]@S(0) (543 msec)</msg>
<status status="PASS" starttime="20220315 21:59:31.846" endtime="20220315 21:59:33.161"/>
</kw>
<kw name="Get Application Windows" library="WhiteLibrary">
<var>@{RESINDIVIDUAL}</var>
<doc>Returns a list of windows belonging to the currently attached application.</doc>
<msg timestamp="20220315 21:59:37.120" level="INFO">@{RESINDIVIDUAL} = [ Visual Hotal FrontOffice v12.01.2204.00 - [Reserva Individual] ]</msg>
<status status="PASS" starttime="20220315 21:59:33.162" endtime="20220315 21:59:37.120"/>
</kw>
<kw name="Attach Window" library="WhiteLibrary">
<arg>${RESINDIVIDUAL[0]}</arg>
<doc>Attaches WhiteLibrary to a window.</doc>
<status status="PASS" starttime="20220315 21:59:37.121" endtime="20220315 21:59:37.124"/>
</kw>
<kw name="Sleep" library="BuiltIn">
<arg>2 seconds</arg>
<doc>Pauses the test executed for the given time.</doc>
<msg timestamp="20220315 21:59:39.133" level="INFO">Slept 2 seconds</msg>
<status status="PASS" starttime="20220315 21:59:37.125" endtime="20220315 21:59:39.133"/>
</kw>
<kw name="Window Title Should Contain" library="WhiteLibrary">
<arg>${TITLE_RESINDIVID}</arg>
<doc>Verifies that the title of the currently attached window contains text ``expected``.</doc>
<status status="PASS" starttime="20220315 21:59:39.133" endtime="20220315 21:59:39.142"/>
</kw>
<status status="PASS" starttime="20220315 21:59:31.845" endtime="20220315 21:59:39.142"/>
</kw>
<kw name="Preencher os campos obrigatórios para gerar orçamento da reserva">
<kw name="Wait Until Screen Contain" library="SikuliLibrary">
<arg>${IMAGE_NOITES}</arg>
<arg>12</arg>
<doc>Wait until screen contain
 Wait until image shown in screen</doc>
<msg timestamp="20220315 21:59:39.360" level="INFO" html="true">&lt;img src='sikuli_captured/sikuliximage-1647392379354.png'/&gt;</msg>
<status status="PASS" starttime="20220315 21:59:39.143" endtime="20220315 21:59:39.360"/>
</kw>
<kw name="Double Click" library="SikuliLibrary">
<arg>${IMAGE_NOITES}</arg>
<doc>Double click</doc>
<msg timestamp="20220315 21:59:40.356" level="INFO" html="true">&lt;img src='sikuli_captured/sikuliximage-1647392379561.png'/&gt;
[log] DOUBLE CLICK on L[179,273]@S(0) (587 msec)</msg>
<status status="PASS" starttime="20220315 21:59:39.360" endtime="20220315 21:59:40.356"/>
</kw>
<kw name="Press Special Key" library="WhiteLibrary">
<arg>DELETE</arg>
<doc>Press a special key (Ctrl, tab, alt for example).</doc>
<status status="PASS" starttime="20220315 21:59:40.357" endtime="20220315 21:59:40.393"/>
</kw>
<kw name="Input Text" library="SikuliLibrary">
<arg>${IMAGE_NOITES}</arg>
<arg>${DADOS_RES.noites}</arg>
<doc>Input text.
 Image could be empty</doc>
<msg timestamp="20220315 21:59:40.976" level="INFO">Input Text:
3</msg>
<msg timestamp="20220315 21:59:40.976" level="INFO" html="true">&lt;img src='sikuli_captured/sikuliximage-1647392380607.png'/&gt;
[log] CLICK on L[179,273]@S(0) (40 msec)
[log]  TYPE "3"</msg>
<status status="PASS" starttime="20220315 21:59:40.394" endtime="20220315 21:59:40.976"/>
</kw>
<kw name="Mouse Click" library="WhiteLibrary">
<arg>587</arg>
<arg>276</arg>
<doc>Clicks mouse at given position.</doc>
<status status="PASS" starttime="20220315 21:59:40.977" endtime="20220315 21:59:40.995"/>
</kw>
<kw name="Attach Window" library="WhiteLibrary">
<arg>${SCREEN_SELECGERAL}</arg>
<doc>Attaches WhiteLibrary to a window.</doc>
<status status="PASS" starttime="20220315 21:59:40.996" endtime="20220315 21:59:41.277"/>
</kw>
<kw name="Get Items" library="WhiteLibrary">
<var>@{TIPOUH}</var>
<arg>control_type:Edit</arg>
<doc>Returns a list of items that match the given ``locator``.</doc>
<msg timestamp="20220315 21:59:41.329" level="INFO">@{TIPOUH} = [ TextBox. AutomationId:791574, Name:, ControlType:editar, FrameworkId:Win32 ]</msg>
<status status="PASS" starttime="20220315 21:59:41.277" endtime="20220315 21:59:41.329"/>
</kw>
<kw name="Mouse Click" library="WhiteLibrary">
<arg>708</arg>
<arg>237</arg>
<doc>Clicks mouse at given position.</doc>
<status status="PASS" starttime="20220315 21:59:41.330" endtime="20220315 21:59:41.349"/>
</kw>
<kw name="Input Text To Textbox" library="WhiteLibrary">
<arg>${TIPOUH[0]}</arg>
<arg>${DADOS_RES.categ}</arg>
<doc>Writes text to a textbox.</doc>
<status status="PASS" starttime="20220315 21:59:41.350" endtime="20220315 21:59:41.442"/>
</kw>
<kw name="Click Button" library="WhiteLibrary">
<arg>${BUTTON_CONFIRMAR}</arg>
<doc>Clicks a button.</doc>
<status status="PASS" starttime="20220315 21:59:41.442" endtime="20220315 21:59:41.591"/>
</kw>
<kw name="Get Application Windows" library="WhiteLibrary">
<var>@{RESINDIVIDUAL}</var>
<doc>Returns a list of windows belonging to the currently attached application.</doc>
<msg timestamp="20220315 21:59:41.746" level="INFO">@{RESINDIVIDUAL} = [ Visual Hotal FrontOffice v12.01.2204.00 - [Reserva Individual] ]</msg>
<status status="PASS" starttime="20220315 21:59:41.591" endtime="20220315 21:59:41.746"/>
</kw>
<kw name="Attach Window" library="WhiteLibrary">
<arg>${RESINDIVIDUAL[0]}</arg>
<doc>Attaches WhiteLibrary to a window.</doc>
<status status="PASS" starttime="20220315 21:59:41.747" endtime="20220315 21:59:41.752"/>
</kw>
<status status="PASS" starttime="20220315 21:59:39.143" endtime="20220315 21:59:41.753"/>
</kw>
<kw name="Inserir hóspede novo sem histórico estada">
<kw name="Mouse Click" library="WhiteLibrary">
<arg>741</arg>
<arg>341</arg>
<doc>Clicks mouse at given position.</doc>
<status status="PASS" starttime="20220315 21:59:41.754" endtime="20220315 21:59:41.763"/>
</kw>
<kw name="Sleep" library="BuiltIn">
<arg>3 seconds</arg>
<doc>Pauses the test executed for the given time.</doc>
<msg timestamp="20220315 21:59:44.775" level="INFO">Slept 3 seconds</msg>
<status status="PASS" starttime="20220315 21:59:41.763" endtime="20220315 21:59:44.775"/>
</kw>
<kw name="Move Mouse" library="WhiteLibrary">
<arg>208</arg>
<arg>331</arg>
<doc>Add (``x``, ``y``) to current mouse location.</doc>
<status status="PASS" starttime="20220315 21:59:44.775" endtime="20220315 21:59:44.776"/>
</kw>
<kw name="Last Name Female" library="FakerLibrary">
<var>${SOBRENOME_0601_RECEP}</var>
<msg timestamp="20220315 21:59:44.776" level="INFO">${SOBRENOME_0601_RECEP} = Freitas</msg>
<status status="PASS" starttime="20220315 21:59:44.776" endtime="20220315 21:59:44.776"/>
</kw>
<kw name="Input Text" library="SikuliLibrary">
<arg>${IMAGE_SOBRENOME}</arg>
<arg>${SOBRENOME_0601_RECEP}</arg>
<doc>Input text.
 Image could be empty</doc>
<msg timestamp="20220315 21:59:46.191" level="INFO">Input Text:
Freitas</msg>
<msg timestamp="20220315 21:59:46.191" level="INFO" html="true">&lt;img src='sikuli_captured/sikuliximage-1647392384965.png'/&gt;
[log] CLICK on L[211,326]@S(0) (555 msec)
[log]  TYPE "Freitas"</msg>
<status status="PASS" starttime="20220315 21:59:44.776" endtime="20220315 21:59:46.191"/>
</kw>
<kw name="Move Mouse" library="WhiteLibrary">
<arg>323</arg>
<arg>331</arg>
<doc>Add (``x``, ``y``) to current mouse location.</doc>
<status status="PASS" starttime="20220315 21:59:46.192" endtime="20220315 21:59:46.192"/>
</kw>
<kw name="First Name Female" library="FakerLibrary">
<var>${NOME_0601_RECEP}</var>
<msg timestamp="20220315 21:59:46.193" level="INFO">${NOME_0601_RECEP} = Emanuella</msg>
<status status="PASS" starttime="20220315 21:59:46.193" endtime="20220315 21:59:46.193"/>
</kw>
<kw name="Input Text" library="SikuliLibrary">
<arg>${IMAGE_NOME}</arg>
<arg>${NOME_0601_RECEP}</arg>
<doc>Input text.
 Image could be empty</doc>
<msg timestamp="20220315 21:59:47.695" level="INFO">Input Text:
Emanuella</msg>
<msg timestamp="20220315 21:59:47.695" level="INFO" html="true">&lt;img src='sikuli_captured/sikuliximage-1647392386375.png'/&gt;
[log] CLICK on L[325,325]@S(0) (537 msec)
[log]  TYPE "Emanuella"</msg>
<status status="PASS" starttime="20220315 21:59:46.193" endtime="20220315 21:59:47.696"/>
</kw>
<kw name="Sleep" library="BuiltIn">
<arg>1 seconds</arg>
<doc>Pauses the test executed for the given time.</doc>
<msg timestamp="20220315 21:59:48.706" level="INFO">Slept 1 second</msg>
<status status="PASS" starttime="20220315 21:59:47.696" endtime="20220315 21:59:48.706"/>
</kw>
<kw name="Move Mouse" library="WhiteLibrary">
<arg>434</arg>
<arg>331</arg>
<doc>Add (``x``, ``y``) to current mouse location.</doc>
<status status="PASS" starttime="20220315 21:59:48.706" endtime="20220315 21:59:48.707"/>
</kw>
<kw name="Email" library="FakerLibrary">
<var>${EMAIL_0601_RECEP}</var>
<msg timestamp="20220315 21:59:48.707" level="INFO">${EMAIL_0601_RECEP} = ana-luizapires@example.org</msg>
<status status="PASS" starttime="20220315 21:59:48.707" endtime="20220315 21:59:48.707"/>
</kw>
<kw name="Input Text" library="SikuliLibrary">
<arg>${IMAGE_EMAIL}</arg>
<arg>${EMAIL_0601_RECEP}</arg>
<doc>Input text.
 Image could be empty</doc>
<msg timestamp="20220315 21:59:51.591" level="INFO">Input Text:
ana-luizapires@example.org</msg>
<msg timestamp="20220315 21:59:51.591" level="INFO" html="true">&lt;img src='sikuli_captured/sikuliximage-1647392389022.png'/&gt;
[log] CLICK on L[441,324]@S(0) (549 msec)
[log]  TYPE "ana-luizapires@example.org"</msg>
<status status="PASS" starttime="20220315 21:59:48.708" endtime="20220315 21:59:51.592"/>
</kw>
<kw name="Sleep" library="BuiltIn">
<arg>2 seconds</arg>
<doc>Pauses the test executed for the given time.</doc>
<msg timestamp="20220315 21:59:53.593" level="INFO">Slept 2 seconds</msg>
<status status="PASS" starttime="20220315 21:59:51.592" endtime="20220315 21:59:53.593"/>
</kw>
<kw name="Mouse Move" library="SikuliLibrary">
<arg>${IMAGE_TRATAMENTO}</arg>
<doc>Mouse moveMove the mouse pointer to the target</doc>
<msg timestamp="20220315 21:59:54.330" level="INFO" html="true">&lt;img src='sikuli_captured/sikuliximage-1647392393801.png'/&gt;</msg>
<status status="PASS" starttime="20220315 21:59:53.593" endtime="20220315 21:59:54.330"/>
</kw>
<kw name="Click" library="SikuliLibrary">
<arg>${IMAGE_TRATAMENTO}</arg>
<doc>Click</doc>
<msg timestamp="20220315 21:59:54.757" level="INFO" html="true">&lt;img src='sikuli_captured/sikuliximage-1647392394533.png'/&gt;
[log] CLICK on L[68,365]@S(0) (48 msec)</msg>
<status status="PASS" starttime="20220315 21:59:54.331" endtime="20220315 21:59:54.757"/>
</kw>
<kw name="Sleep" library="BuiltIn">
<arg>2 seconds</arg>
<doc>Pauses the test executed for the given time.</doc>
<msg timestamp="20220315 21:59:56.770" level="INFO">Slept 2 seconds</msg>
<status status="PASS" starttime="20220315 21:59:54.757" endtime="20220315 21:59:56.770"/>
</kw>
<kw name="Mouse Click" library="WhiteLibrary">
<arg>47</arg>
<arg>471</arg>
<doc>Clicks mouse at given position.</doc>
<status status="PASS" starttime="20220315 21:59:56.770" endtime="20220315 21:59:56.779"/>
</kw>
<kw name="Sleep" library="BuiltIn">
<arg>2 seconds</arg>
<doc>Pauses the test executed for the given time.</doc>
<msg timestamp="20220315 21:59:58.795" level="INFO">Slept 2 seconds</msg>
<status status="PASS" starttime="20220315 21:59:56.780" endtime="20220315 21:59:58.795"/>
</kw>
<kw name="Mouse Click" library="WhiteLibrary">
<arg>325</arg>
<arg>369</arg>
<doc>Clicks mouse at given position.</doc>
<status status="PASS" starttime="20220315 21:59:58.795" endtime="20220315 21:59:58.810"/>
</kw>
<kw name="Attach Window" library="WhiteLibrary">
<arg>${SCREEN_MONTASELEC}</arg>
<doc>Attaches WhiteLibrary to a window.</doc>
<status status="PASS" starttime="20220315 21:59:58.811" endtime="20220315 21:59:59.628"/>
</kw>
<kw name="Sleep" library="BuiltIn">
<arg>2 seconds</arg>
<doc>Pauses the test executed for the given time.</doc>
<msg timestamp="20220315 22:00:01.637" level="INFO">Slept 2 seconds</msg>
<status status="PASS" starttime="20220315 21:59:59.629" endtime="20220315 22:00:01.637"/>
</kw>
<kw name="Mouse Move" library="SikuliLibrary">
<arg>${IMAGE_CAMPOCIDADE}</arg>
<doc>Mouse moveMove the mouse pointer to the target</doc>
<msg timestamp="20220315 22:00:02.396" level="INFO" html="true">&lt;img src='sikuli_captured/sikuliximage-1647392401874.png'/&gt;</msg>
<status status="PASS" starttime="20220315 22:00:01.637" endtime="20220315 22:00:02.396"/>
</kw>
<kw name="Input Text" library="SikuliLibrary">
<arg>${IMAGE_TEXT}</arg>
<arg>${DADOSHOSPNOVO_RESIND.cidade}</arg>
<doc>Input text.
 Image could be empty</doc>
<msg timestamp="20220315 22:00:03.970" level="INFO">Input Text:
Maceio</msg>
<msg timestamp="20220315 22:00:03.970" level="INFO" html="true">&lt;img src='sikuli_captured/sikuliximage-1647392402699.png'/&gt;
[log] CLICK on L[783,237]@S(0) (536 msec)
[log]  TYPE "Maceio"</msg>
<status status="PASS" starttime="20220315 22:00:02.397" endtime="20220315 22:00:03.970"/>
</kw>
<kw name="Click Button" library="WhiteLibrary">
<arg>${BUTTON_PROCURAR}</arg>
<doc>Clicks a button.</doc>
<status status="PASS" starttime="20220315 22:00:03.970" endtime="20220315 22:00:04.216"/>
</kw>
<kw name="Click Button" library="WhiteLibrary">
<arg>${BUTTON_CONFIRMAR}</arg>
<doc>Clicks a button.</doc>
<status status="PASS" starttime="20220315 22:00:04.216" endtime="20220315 22:00:05.502"/>
</kw>
<kw name="Get Application Windows" library="WhiteLibrary">
<var>@{RESINDIVIDUAL}</var>
<doc>Returns a list of windows belonging to the currently attached application.</doc>
<msg timestamp="20220315 22:00:05.597" level="INFO">@{RESINDIVIDUAL} = [ Visual Hotal FrontOffice v12.01.2204.00 - [Reserva Individual] ]</msg>
<status status="PASS" starttime="20220315 22:00:05.502" endtime="20220315 22:00:05.597"/>
</kw>
<kw name="Attach Window" library="WhiteLibrary">
<arg>${RESINDIVIDUAL[0]}</arg>
<doc>Attaches WhiteLibrary to a window.</doc>
<status status="PASS" starttime="20220315 22:00:05.597" endtime="20220315 22:00:05.601"/>
</kw>
<kw name="Mouse Click" library="WhiteLibrary">
<arg>515</arg>
<arg>370</arg>
<doc>Clicks mouse at given position.</doc>
<status status="PASS" starttime="20220315 22:00:05.601" endtime="20220315 22:00:05.603"/>
</kw>
<kw name="Attach Window" library="WhiteLibrary">
<arg>${SCREEN_SELECGERAL}</arg>
<doc>Attaches WhiteLibrary to a window.</doc>
<status status="PASS" starttime="20220315 22:00:05.604" endtime="20220315 22:00:05.886"/>
</kw>
<kw name="Get Items" library="WhiteLibrary">
<var>@{IDIOMA}</var>
<arg>control_type:Edit</arg>
<doc>Returns a list of items that match the given ``locator``.</doc>
<msg timestamp="20220315 22:00:05.933" level="INFO">@{IDIOMA} = [ TextBox. AutomationId:333766, Name:, ControlType:editar, FrameworkId:Win32 ]</msg>
<status status="PASS" starttime="20220315 22:00:05.886" endtime="20220315 22:00:05.933"/>
</kw>
<kw name="Mouse Click" library="WhiteLibrary">
<arg>686</arg>
<arg>237</arg>
<doc>Clicks mouse at given position.</doc>
<status status="PASS" starttime="20220315 22:00:05.933" endtime="20220315 22:00:05.941"/>
</kw>
<kw name="Input Text To Textbox" library="WhiteLibrary">
<arg>${IDIOMA[0]}</arg>
<arg>${DADOSHOSPNOVO_RESIND.idioma}</arg>
<doc>Writes text to a textbox.</doc>
<status status="PASS" starttime="20220315 22:00:05.942" endtime="20220315 22:00:06.057"/>
</kw>
<kw name="Click Button" library="WhiteLibrary">
<arg>${BUTTON_CONFIRMAR}</arg>
<doc>Clicks a button.</doc>
<status status="PASS" starttime="20220315 22:00:06.057" endtime="20220315 22:00:06.498"/>
</kw>
<kw name="Get Application Windows" library="WhiteLibrary">
<var>@{RESINDIVIDUAL}</var>
<doc>Returns a list of windows belonging to the currently attached application.</doc>
<msg timestamp="20220315 22:00:06.614" level="INFO">@{RESINDIVIDUAL} = [ Visual Hotal FrontOffice v12.01.2204.00 - [Reserva Individual] ]</msg>
<status status="PASS" starttime="20220315 22:00:06.498" endtime="20220315 22:00:06.614"/>
</kw>
<kw name="Attach Window" library="WhiteLibrary">
<arg>${RESINDIVIDUAL[0]}</arg>
<doc>Attaches WhiteLibrary to a window.</doc>
<status status="PASS" starttime="20220315 22:00:06.615" endtime="20220315 22:00:06.620"/>
</kw>
<kw name="Move Mouse" library="WhiteLibrary">
<arg>409</arg>
<arg>409</arg>
<doc>Add (``x``, ``y``) to current mouse location.</doc>
<status status="PASS" starttime="20220315 22:00:06.621" endtime="20220315 22:00:06.622"/>
</kw>
<kw name="Input Text" library="SikuliLibrary">
<arg>${IMAGE_DATANASC}</arg>
<arg>${DADOSHOSPNOVO_RESIND.datanasc}</arg>
<doc>Input text.
 Image could be empty</doc>
<msg timestamp="20220315 22:00:08.181" level="INFO">Input Text:
24031990</msg>
<msg timestamp="20220315 22:00:08.181" level="INFO" html="true">&lt;img src='sikuli_captured/sikuliximage-1647392406895.png'/&gt;
[log] CLICK on L[421,404]@S(0) (543 msec)
[log]  TYPE "24031990"</msg>
<status status="PASS" starttime="20220315 22:00:06.622" endtime="20220315 22:00:08.181"/>
</kw>
<kw name="Mouse Click" library="WhiteLibrary">
<arg>741</arg>
<arg>341</arg>
<doc>Clicks mouse at given position.</doc>
<status status="PASS" starttime="20220315 22:00:08.182" endtime="20220315 22:00:08.184"/>
</kw>
<kw name="Get Application Windows" library="WhiteLibrary">
<var>@{RESINDIVIDUAL}</var>
<doc>Returns a list of windows belonging to the currently attached application.</doc>
<msg timestamp="20220315 22:00:09.533" level="INFO">@{RESINDIVIDUAL} = [ Visual Hotal FrontOffice v12.01.2204.00 - [Reserva Individual] ]</msg>
<status status="PASS" starttime="20220315 22:00:08.185" endtime="20220315 22:00:09.533"/>
</kw>
<kw name="Attach Window" library="WhiteLibrary">
<arg>${RESINDIVIDUAL[0]}</arg>
<doc>Attaches WhiteLibrary to a window.</doc>
<status status="PASS" starttime="20220315 22:00:09.534" endtime="20220315 22:00:09.544"/>
</kw>
<status status="PASS" starttime="20220315 21:59:41.754" endtime="20220315 22:00:09.544"/>
</kw>
<kw name="Preencher informações e confirmar a reserva">
<kw name="Mouse Click" library="WhiteLibrary">
<arg>87</arg>
<arg>508</arg>
<doc>Clicks mouse at given position.</doc>
<status status="PASS" starttime="20220315 22:00:09.546" endtime="20220315 22:00:09.554"/>
</kw>
<kw name="Attach Window" library="WhiteLibrary">
<arg>${SCREEN_SELECGERAL}</arg>
<doc>Attaches WhiteLibrary to a window.</doc>
<status status="PASS" starttime="20220315 22:00:09.555" endtime="20220315 22:00:09.562"/>
</kw>
<kw name="Get Items" library="WhiteLibrary">
<var>@{DOC_CONFIRM}</var>
<arg>control_type:Edit</arg>
<doc>Returns a list of items that match the given ``locator``.</doc>
<msg timestamp="20220315 22:00:09.612" level="INFO">@{DOC_CONFIRM} = [ TextBox. AutomationId:661418, Name:, ControlType:editar, FrameworkId:Win32 ]</msg>
<status status="PASS" starttime="20220315 22:00:09.562" endtime="20220315 22:00:09.612"/>
</kw>
<kw name="Input Text To Textbox" library="WhiteLibrary">
<arg>${DOC_CONFIRM[0]}</arg>
<arg>${DADOSHOSPNOVO_RESIND.doc}</arg>
<doc>Writes text to a textbox.</doc>
<status status="PASS" starttime="20220315 22:00:09.613" endtime="20220315 22:00:09.743"/>
</kw>
<kw name="Click Button" library="WhiteLibrary">
<arg>${BUTTON_CONFIRMAR}</arg>
<doc>Clicks a button.</doc>
<status status="PASS" starttime="20220315 22:00:09.744" endtime="20220315 22:00:09.987"/>
</kw>
<kw name="Get Application Windows" library="WhiteLibrary">
<var>@{RESINDIVIDUAL}</var>
<doc>Returns a list of windows belonging to the currently attached application.</doc>
<msg timestamp="20220315 22:00:10.191" level="INFO">@{RESINDIVIDUAL} = [ Visual Hotal FrontOffice v12.01.2204.00 - [Reserva Individual] ]</msg>
<status status="PASS" starttime="20220315 22:00:09.989" endtime="20220315 22:00:10.191"/>
</kw>
<kw name="Attach Window" library="WhiteLibrary">
<arg>${RESINDIVIDUAL[0]}</arg>
<doc>Attaches WhiteLibrary to a window.</doc>
<status status="PASS" starttime="20220315 22:00:10.191" endtime="20220315 22:00:10.196"/>
</kw>
<kw name="Move Mouse" library="WhiteLibrary">
<arg>208</arg>
<arg>508</arg>
<doc>Add (``x``, ``y``) to current mouse location.</doc>
<status status="PASS" starttime="20220315 22:00:10.196" endtime="20220315 22:00:10.197"/>
</kw>
<kw name="Email" library="FakerLibrary">
<var>${EMAIL_RECEP}</var>
<msg timestamp="20220315 22:00:10.199" level="INFO">${EMAIL_RECEP} = da-conceicaopedro-lucas@example.net</msg>
<status status="PASS" starttime="20220315 22:00:10.198" endtime="20220315 22:00:10.199"/>
</kw>
<kw name="Input Text" library="SikuliLibrary">
<arg>${IMAGE_NUMERO}</arg>
<arg>${EMAIL_RECEP}</arg>
<doc>Input text.
 Image could be empty</doc>
<msg timestamp="20220315 22:00:13.565" level="INFO">Input Text:
da-conceicaopedro-lucas@example.net</msg>
<msg timestamp="20220315 22:00:13.566" level="INFO" html="true">&lt;img src='sikuli_captured/sikuliximage-1647392410487.png'/&gt;
[log] CLICK on L[206,504]@S(0) (548 msec)
[log]  TYPE "da-conceicaopedro-lucas@example.net"</msg>
<status status="PASS" starttime="20220315 22:00:10.199" endtime="20220315 22:00:13.566"/>
</kw>
<kw name="Click Item" library="WhiteLibrary">
<arg>${ITEM_ATUALIZARVALPERIO}</arg>
<doc>Clicks an item.</doc>
<status status="PASS" starttime="20220315 22:00:13.566" endtime="20220315 22:00:15.392"/>
</kw>
<kw name="Click Button" library="WhiteLibrary">
<arg>${BUTTON_CONFIRMAR}</arg>
<doc>Clicks a button.</doc>
<status status="PASS" starttime="20220315 22:00:15.392" endtime="20220315 22:00:19.704"/>
</kw>
<status status="PASS" starttime="20220315 22:00:09.545" endtime="20220315 22:00:19.704"/>
</kw>
<kw name="Conferir se a tela de conclusão da reserva foi exibida">
<kw name="Set White Busy Timeout" library="WhiteLibrary">
<arg>10 seconds</arg>
<doc>Sets BusyTimeout for White and returns original value.</doc>
<msg timestamp="20220315 22:00:19.706" level="INFO">White Busy Timeout set to 10000</msg>
<status status="PASS" starttime="20220315 22:00:19.706" endtime="20220315 22:00:19.706"/>
</kw>
<kw name="Move Mouse" library="WhiteLibrary">
<arg>610</arg>
<arg>210</arg>
<doc>Add (``x``, ``y``) to current mouse location.</doc>
<status status="PASS" starttime="20220315 22:00:19.707" endtime="20220315 22:00:19.707"/>
</kw>
<kw name="Get Application Windows" library="WhiteLibrary">
<var>@{SITUACAORES}</var>
<doc>Returns a list of windows belonging to the currently attached application.</doc>
<msg timestamp="20220315 22:00:19.852" level="INFO">@{SITUACAORES} = [ Situação da Reserva | Visual Hotal FrontOffice v12.01.2204.00 - [Reserva Individual] ]</msg>
<status status="PASS" starttime="20220315 22:00:19.708" endtime="20220315 22:00:19.853"/>
</kw>
<kw name="Attach Window" library="WhiteLibrary">
<arg>${SITUACAORES[0]}</arg>
<doc>Attaches WhiteLibrary to a window.</doc>
<status status="PASS" starttime="20220315 22:00:19.853" endtime="20220315 22:00:19.856"/>
</kw>
<kw name="Sleep" library="BuiltIn">
<arg>2 seconds</arg>
<doc>Pauses the test executed for the given time.</doc>
<msg timestamp="20220315 22:00:21.858" level="INFO">Slept 2 seconds</msg>
<status status="PASS" starttime="20220315 22:00:19.857" endtime="20220315 22:00:21.858"/>
</kw>
<kw name="Screen Should Contain" library="SikuliLibrary">
<arg>${IMAGE_CONFIRMACAORES}</arg>
<doc>Screen should contain</doc>
<msg timestamp="20220315 22:00:22.082" level="INFO" html="true">&lt;img src='sikuli_captured/sikuliximage-1647392422063.png'/&gt;</msg>
<status status="PASS" starttime="20220315 22:00:21.858" endtime="20220315 22:00:22.082"/>
</kw>
<kw name="Sleep" library="BuiltIn">
<arg>1 seconds</arg>
<doc>Pauses the test executed for the given time.</doc>
<msg timestamp="20220315 22:00:23.096" level="INFO">Slept 1 second</msg>
<status status="PASS" starttime="20220315 22:00:22.083" endtime="20220315 22:00:23.096"/>
</kw>
<kw name="Get Extended Region From Image" library="SikuliLibrary">
<var>${REGION}</var>
<arg>${IMAGE_NUMERORESERVA}</arg>
<arg>below</arg>
<arg>1</arg>
<doc>Get Extended Region From Image
 Extended the given image creating a new region above, below, on the left or on the right side, with the same height and width
 The height and width can change using the multiplier @number_of_times_to_repeat 
 If orginal if giver as arguments, the region will be exactly the same location as the image, last argument is ignored 
 Ex: If 2 is given and direction = below the new region will have twice the height of the given image and will be located right below it
 |${region} =    |    Get Extended Region From Image  |  image.png  |    below   |   1   |
 |${region} =    |    Get Extended Region From Image  |  image.png  |    original   |   1 #this argument is ignored   |</doc>
<msg timestamp="20220315 22:00:23.261" level="INFO">[log] Get extended region from image result: [I@92772ea</msg>
<msg timestamp="20220315 22:00:23.261" level="INFO">${REGION} = [446, 245, 152, 32]</msg>
<status status="PASS" starttime="20220315 22:00:23.097" endtime="20220315 22:00:23.262"/>
</kw>
<kw name="Double Click On Region" library="SikuliLibrary">
<arg>${REGION}</arg>
<doc>Double Click On Region
 there's no offset to be configured
 works with the keyword Get Extended Region From</doc>
<msg timestamp="20220315 22:00:23.857" level="INFO">[log] DOUBLE CLICK on L[522,261]@S(0) (588 msec)</msg>
<status status="PASS" starttime="20220315 22:00:23.262" endtime="20220315 22:00:23.857"/>
</kw>
<kw name="Sleep" library="BuiltIn">
<arg>1 seconds</arg>
<doc>Pauses the test executed for the given time.</doc>
<msg timestamp="20220315 22:00:24.870" level="INFO">Slept 1 second</msg>
<status status="PASS" starttime="20220315 22:00:23.857" endtime="20220315 22:00:24.870"/>
</kw>
<kw name="Hold Special Key" library="WhiteLibrary">
<arg>CONTROL</arg>
<doc>Hold down a special key.</doc>
<status status="PASS" starttime="20220315 22:00:24.870" endtime="20220315 22:00:24.896"/>
</kw>
<kw name="Press Keys" library="WhiteLibrary">
<arg>c</arg>
<doc>Press a key or keys.</doc>
<status status="PASS" starttime="20220315 22:00:24.897" endtime="20220315 22:00:24.937"/>
</kw>
<kw name="Sleep" library="BuiltIn">
<arg>1 seconds</arg>
<doc>Pauses the test executed for the given time.</doc>
<msg timestamp="20220315 22:00:25.949" level="INFO">Slept 1 second</msg>
<status status="PASS" starttime="20220315 22:00:24.938" endtime="20220315 22:00:25.949"/>
</kw>
<kw name="Get Clipboard Value" library="RPA.Desktop">
<var>${GET_NUMRESERVA}</var>
<doc>Read current value from system clipboard.</doc>
<msg timestamp="20220315 22:00:25.950" level="INFO">${GET_NUMRESERVA} = 1192132</msg>
<status status="PASS" starttime="20220315 22:00:25.949" endtime="20220315 22:00:25.950"/>
</kw>
<kw name="Set Test Variable" library="BuiltIn">
<arg>${NUMRESERVA}</arg>
<arg>${GET_NUMRESERVA}</arg>
<doc>Makes a variable available everywhere within the scope of the current test.</doc>
<msg timestamp="20220315 22:00:25.958" level="INFO">${NUMRESERVA} = 1192132</msg>
<status status="PASS" starttime="20220315 22:00:25.950" endtime="20220315 22:00:25.958"/>
</kw>
<kw name="Click" library="SikuliLibrary">
<arg>${IMAGE_SAIRRES}</arg>
<doc>Click</doc>
<msg timestamp="20220315 22:00:26.863" level="INFO" html="true">&lt;img src='sikuli_captured/sikuliximage-1647392426139.png'/&gt;
[log] CLICK on L[890,420]@S(0) (554 msec)</msg>
<status status="PASS" starttime="20220315 22:00:25.958" endtime="20220315 22:00:26.863"/>
</kw>
<status status="PASS" starttime="20220315 22:00:19.705" endtime="20220315 22:00:26.864"/>
</kw>
<kw name="Conferir se a tela principal do modulo VHF foi exibida" library="ConferenceDesktop">
<kw name="Set White Busy Timeout" library="WhiteLibrary">
<arg>${CONFERENCIA_TIMEOUT}</arg>
<doc>Sets BusyTimeout for White and returns original value.</doc>
<msg timestamp="20220315 22:00:26.867" level="INFO">White Busy Timeout set to 10000</msg>
<status status="PASS" starttime="20220315 22:00:26.865" endtime="20220315 22:00:26.867"/>
</kw>
<kw name="Attach Window" library="WhiteLibrary">
<arg>${SCREEN_TELAPRINCIPAL}</arg>
<doc>Attaches WhiteLibrary to a window.</doc>
<status status="PASS" starttime="20220315 22:00:26.868" endtime="20220315 22:00:27.125"/>
</kw>
<kw name="Window Title Should Contain" library="WhiteLibrary">
<arg>Visual Hotal FrontOffice</arg>
<doc>Verifies that the title of the currently attached window contains text ``expected``.</doc>
<status status="PASS" starttime="20220315 22:00:27.125" endtime="20220315 22:00:27.137"/>
</kw>
<status status="PASS" starttime="20220315 22:00:26.864" endtime="20220315 22:00:27.137"/>
</kw>
<kw name="Acessar a tela de Consulta Geral">
<kw name="Click" library="SikuliLibrary">
<arg>${IMAGE_CONSULTAGERAL}</arg>
<doc>Click</doc>
<msg timestamp="20220315 22:00:28.066" level="INFO" html="true">&lt;img src='sikuli_captured/sikuliximage-1647392427327.png'/&gt;
[log] CLICK on L[314,65]@S(0) (536 msec)</msg>
<status status="PASS" starttime="20220315 22:00:27.138" endtime="20220315 22:00:28.067"/>
</kw>
<kw name="Get Application Windows" library="WhiteLibrary">
<var>@{CONSULTAGERAL}</var>
<doc>Returns a list of windows belonging to the currently attached application.</doc>
<msg timestamp="20220315 22:00:30.249" level="INFO">@{CONSULTAGERAL} = [ Visual Hotal FrontOffice v12.01.2204.00 - [Consulta Geral] ]</msg>
<status status="PASS" starttime="20220315 22:00:28.067" endtime="20220315 22:00:30.250"/>
</kw>
<kw name="Attach Window" library="WhiteLibrary">
<arg>${CONSULTAGERAL[0]}</arg>
<doc>Attaches WhiteLibrary to a window.</doc>
<status status="PASS" starttime="20220315 22:00:30.250" endtime="20220315 22:00:30.254"/>
</kw>
<kw name="Sleep" library="BuiltIn">
<arg>2 seconds</arg>
<doc>Pauses the test executed for the given time.</doc>
<msg timestamp="20220315 22:00:32.257" level="INFO">Slept 2 seconds</msg>
<status status="PASS" starttime="20220315 22:00:30.254" endtime="20220315 22:00:32.257"/>
</kw>
<kw name="Window Title Should Contain" library="WhiteLibrary">
<arg>${TITLE_CONSULTAGERAL}</arg>
<doc>Verifies that the title of the currently attached window contains text ``expected``.</doc>
<status status="PASS" starttime="20220315 22:00:32.257" endtime="20220315 22:00:32.266"/>
</kw>
<status status="PASS" starttime="20220315 22:00:27.138" endtime="20220315 22:00:32.267"/>
</kw>
<kw name="Preencher os campos necessários para buscar o resultado esperado">
<kw name="Sleep" library="BuiltIn">
<arg>2 seconds</arg>
<doc>Pauses the test executed for the given time.</doc>
<msg timestamp="20220315 22:00:34.271" level="INFO">Slept 2 seconds</msg>
<status status="PASS" starttime="20220315 22:00:32.268" endtime="20220315 22:00:34.271"/>
</kw>
<kw name="Get Application Windows" library="WhiteLibrary">
<var>@{CONSULTAGERAL1}</var>
<doc>Returns a list of windows belonging to the currently attached application.</doc>
<msg timestamp="20220315 22:00:34.363" level="INFO">@{CONSULTAGERAL1} = [ Visual Hotal FrontOffice v12.01.2204.00 - [Consulta Geral] ]</msg>
<status status="PASS" starttime="20220315 22:00:34.271" endtime="20220315 22:00:34.364"/>
</kw>
<kw name="Attach Window" library="WhiteLibrary">
<arg>${CONSULTAGERAL1[0]}</arg>
<doc>Attaches WhiteLibrary to a window.</doc>
<status status="PASS" starttime="20220315 22:00:34.364" endtime="20220315 22:00:34.367"/>
</kw>
<kw name="Click" library="SikuliLibrary">
<arg>${IMAGE_STATUSCG}</arg>
<doc>Click</doc>
<msg timestamp="20220315 22:00:35.255" level="INFO" html="true">&lt;img src='sikuli_captured/sikuliximage-1647392434540.png'/&gt;
[log] CLICK on L[256,170]@S(0) (541 msec)</msg>
<status status="PASS" starttime="20220315 22:00:34.367" endtime="20220315 22:00:35.256"/>
</kw>
<kw name="Mouse Click" library="WhiteLibrary">
<arg>295</arg>
<arg>175</arg>
<doc>Clicks mouse at given position.</doc>
<status status="PASS" starttime="20220315 22:00:35.256" endtime="20220315 22:00:35.257"/>
</kw>
<kw name="Mouse Click" library="WhiteLibrary">
<arg>248</arg>
<arg>218</arg>
<doc>Clicks mouse at given position.</doc>
<status status="PASS" starttime="20220315 22:00:35.258" endtime="20220315 22:00:35.259"/>
</kw>
<kw name="Sleep" library="BuiltIn">
<arg>1 seconds</arg>
<doc>Pauses the test executed for the given time.</doc>
<msg timestamp="20220315 22:00:36.269" level="INFO">Slept 1 second</msg>
<status status="PASS" starttime="20220315 22:00:35.260" endtime="20220315 22:00:36.270"/>
</kw>
<kw name="Click" library="SikuliLibrary">
<arg>${IMAGE_NUMRESERVACG}</arg>
<doc>Click</doc>
<msg timestamp="20220315 22:00:37.174" level="INFO" html="true">&lt;img src='sikuli_captured/sikuliximage-1647392436459.png'/&gt;
[log] CLICK on L[700,170]@S(0) (538 msec)</msg>
<status status="PASS" starttime="20220315 22:00:36.270" endtime="20220315 22:00:37.174"/>
</kw>
<kw name="Sleep" library="BuiltIn">
<arg>1 seconds</arg>
<doc>Pauses the test executed for the given time.</doc>
<msg timestamp="20220315 22:00:38.186" level="INFO">Slept 1 second</msg>
<status status="PASS" starttime="20220315 22:00:37.175" endtime="20220315 22:00:38.186"/>
</kw>
<kw name="Press Keys" library="WhiteLibrary">
<arg>v</arg>
<doc>Press a key or keys.</doc>
<status status="PASS" starttime="20220315 22:00:38.187" endtime="20220315 22:00:38.213"/>
</kw>
<kw name="Sleep" library="BuiltIn">
<arg>1 seconds</arg>
<doc>Pauses the test executed for the given time.</doc>
<msg timestamp="20220315 22:00:39.219" level="INFO">Slept 1 second</msg>
<status status="PASS" starttime="20220315 22:00:38.214" endtime="20220315 22:00:39.219"/>
</kw>
<kw name="Leave Special Key" library="WhiteLibrary">
<arg>CONTROL</arg>
<doc>Leave a special key that was previously held down.</doc>
<status status="PASS" starttime="20220315 22:00:39.219" endtime="20220315 22:00:39.248"/>
</kw>
<kw name="Click Button" library="WhiteLibrary">
<arg>${BUTTON_PROCURAR}</arg>
<doc>Clicks a button.</doc>
<status status="PASS" starttime="20220315 22:00:39.248" endtime="20220315 22:00:40.038"/>
</kw>
<status status="PASS" starttime="20220315 22:00:32.267" endtime="20220315 22:00:40.038"/>
</kw>
<kw name="Editar dados da reserva">
<kw name="Sleep" library="BuiltIn">
<arg>1 seconds</arg>
<doc>Pauses the test executed for the given time.</doc>
<msg timestamp="20220315 22:00:41.044" level="INFO">Slept 1 second</msg>
<status status="PASS" starttime="20220315 22:00:40.039" endtime="20220315 22:00:41.044"/>
</kw>
<kw name="Move Mouse" library="WhiteLibrary">
<arg>1015</arg>
<arg>145</arg>
<doc>Add (``x``, ``y``) to current mouse location.</doc>
<status status="PASS" starttime="20220315 22:00:41.045" endtime="20220315 22:00:41.046"/>
</kw>
<kw name="Click Button" library="WhiteLibrary">
<arg>${BUTTON_EDITAR}</arg>
<doc>Clicks a button.</doc>
<status status="PASS" starttime="20220315 22:00:41.046" endtime="20220315 22:00:50.167"/>
</kw>
<kw name="Sleep" library="BuiltIn">
<arg>2 seconds</arg>
<doc>Pauses the test executed for the given time.</doc>
<msg timestamp="20220315 22:00:52.178" level="INFO">Slept 2 seconds</msg>
<status status="PASS" starttime="20220315 22:00:50.167" endtime="20220315 22:00:52.178"/>
</kw>
<kw name="Get Application Windows" library="WhiteLibrary">
<var>@{ALTERARRESERVA}</var>
<doc>Returns a list of windows belonging to the currently attached application.</doc>
<msg timestamp="20220315 22:00:52.271" level="INFO">@{ALTERARRESERVA} = [ Visual Hotal FrontOffice v12.01.2204.00 - [Alterar Reserva - AUTOMACAO DE TESTES] ]</msg>
<status status="PASS" starttime="20220315 22:00:52.178" endtime="20220315 22:00:52.271"/>
</kw>
<kw name="Attach Window" library="WhiteLibrary">
<arg>${ALTERARRESERVA[0]}</arg>
<doc>Attaches WhiteLibrary to a window.</doc>
<status status="PASS" starttime="20220315 22:00:52.271" endtime="20220315 22:00:52.275"/>
</kw>
<kw name="Window Title Should Contain" library="WhiteLibrary">
<arg>${TITLE_ALTERARRESERVA}</arg>
<doc>Verifies that the title of the currently attached window contains text ``expected``.</doc>
<status status="PASS" starttime="20220315 22:00:52.276" endtime="20220315 22:00:52.291"/>
</kw>
<status status="PASS" starttime="20220315 22:00:40.039" endtime="20220315 22:00:52.291"/>
</kw>
<kw name="Realizar alterações programadas no orcamento da reserva">
<kw name="Sleep" library="BuiltIn">
<arg>1 seconds</arg>
<doc>Pauses the test executed for the given time.</doc>
<msg timestamp="20220315 22:00:53.303" level="INFO">Slept 1 second</msg>
<status status="PASS" starttime="20220315 22:00:52.293" endtime="20220315 22:00:53.303"/>
</kw>
<kw name="Mouse Click" library="WhiteLibrary">
<arg>832</arg>
<arg>130</arg>
<doc>Clicks mouse at given position.</doc>
<status status="PASS" starttime="20220315 22:00:53.303" endtime="20220315 22:00:53.307"/>
</kw>
<kw name="Sleep" library="BuiltIn">
<arg>1 seconds</arg>
<doc>Pauses the test executed for the given time.</doc>
<msg timestamp="20220315 22:00:54.312" level="INFO">Slept 1 second</msg>
<status status="PASS" starttime="20220315 22:00:53.307" endtime="20220315 22:00:54.312"/>
</kw>
<kw name="Get Application Windows" library="WhiteLibrary">
<doc>Returns a list of windows belonging to the currently attached application.</doc>
<status status="PASS" starttime="20220315 22:00:54.312" endtime="20220315 22:00:56.574"/>
</kw>
<kw name="Attach Window" library="WhiteLibrary">
<arg>${SCREEN_DADOSORCAMENTO}</arg>
<doc>Attaches WhiteLibrary to a window.</doc>
<status status="PASS" starttime="20220315 22:00:56.575" endtime="20220315 22:00:56.578"/>
</kw>
<kw name="Get Window Title" library="WhiteLibrary">
<var>${TITLEOCR}</var>
<doc>Returns title of the currently attached window.</doc>
<msg timestamp="20220315 22:00:56.606" level="INFO">${TITLEOCR} = frmDadosOrcamento</msg>
<status status="PASS" starttime="20220315 22:00:56.578" endtime="20220315 22:00:56.607"/>
</kw>
<kw name="Sleep" library="BuiltIn">
<arg>1 seconds</arg>
<doc>Pauses the test executed for the given time.</doc>
<msg timestamp="20220315 22:00:57.613" level="INFO">Slept 1 second</msg>
<status status="PASS" starttime="20220315 22:00:56.607" endtime="20220315 22:00:57.613"/>
</kw>
<kw name="Click" library="SikuliLibrary">
<arg>${IMAGE_CALENDRPLDATA}</arg>
<doc>Click</doc>
<msg timestamp="20220315 22:00:58.510" level="INFO" html="true">&lt;img src='sikuli_captured/sikuliximage-1647392457789.png'/&gt;
[log] CLICK on L[672,171]@S(0) (553 msec)</msg>
<status status="PASS" starttime="20220315 22:00:57.613" endtime="20220315 22:00:58.510"/>
</kw>
<kw name="Click" library="SikuliLibrary">
<arg>${IMAGE_REPLDATAOCR_16}</arg>
<doc>Click</doc>
<msg timestamp="20220315 22:00:59.400" level="INFO" html="true">&lt;img src='sikuli_captured/sikuliximage-1647392458683.png'/&gt;
[log] CLICK on L[669,270]@S(0) (540 msec)</msg>
<status status="PASS" starttime="20220315 22:00:58.510" endtime="20220315 22:00:59.400"/>
</kw>
<kw name="Sleep" library="BuiltIn">
<arg>1 seconds</arg>
<doc>Pauses the test executed for the given time.</doc>
<msg timestamp="20220315 22:01:00.412" level="INFO">Slept 1 second</msg>
<status status="PASS" starttime="20220315 22:00:59.401" endtime="20220315 22:01:00.412"/>
</kw>
<kw name="Click" library="SikuliLibrary">
<arg>${IMAGE_VLRMANUALOCR}</arg>
<doc>Click</doc>
<msg timestamp="20220315 22:01:01.318" level="INFO" html="true">&lt;img src='sikuli_captured/sikuliximage-1647392460588.png'/&gt;
[log] CLICK on L[760,187]@S(0) (544 msec)</msg>
<status status="PASS" starttime="20220315 22:01:00.413" endtime="20220315 22:01:01.318"/>
</kw>
<kw name="Input Text" library="SikuliLibrary">
<arg>${IMAGE_VLRMANUALOCR}</arg>
<arg>${DADOS_RES.vlrmanual}</arg>
<doc>Input text.
 Image could be empty</doc>
<msg timestamp="20220315 22:01:01.963" level="INFO">Input Text:
600</msg>
<msg timestamp="20220315 22:01:01.963" level="INFO" html="true">&lt;img src='sikuli_captured/sikuliximage-1647392461519.png'/&gt;
[log] CLICK on L[760,187]@S(0) (52 msec)
[log]  TYPE "600"</msg>
<status status="PASS" starttime="20220315 22:01:01.319" endtime="20220315 22:01:01.964"/>
</kw>
<kw name="Sleep" library="BuiltIn">
<arg>1 seconds</arg>
<doc>Pauses the test executed for the given time.</doc>
<msg timestamp="20220315 22:01:02.977" level="INFO">Slept 1 second</msg>
<status status="PASS" starttime="20220315 22:01:01.964" endtime="20220315 22:01:02.977"/>
</kw>
<kw name="Click" library="SikuliLibrary">
<arg>${IMAGE_PENSAOOCR}</arg>
<doc>Click</doc>
<msg timestamp="20220315 22:01:03.885" level="INFO" html="true">&lt;img src='sikuli_captured/sikuliximage-1647392463167.png'/&gt;
[log] CLICK on L[902,229]@S(0) (542 msec)</msg>
<status status="PASS" starttime="20220315 22:01:02.978" endtime="20220315 22:01:03.885"/>
</kw>
<kw name="Click" library="SikuliLibrary">
<arg>${IMAGE_PENSAOMEIAOCR}</arg>
<doc>Click</doc>
<msg timestamp="20220315 22:01:04.834" level="INFO" html="true">&lt;img src='sikuli_captured/sikuliximage-1647392464103.png'/&gt;
[log] CLICK on L[873,315]@S(0) (552 msec)</msg>
<status status="PASS" starttime="20220315 22:01:03.885" endtime="20220315 22:01:04.835"/>
</kw>
<kw name="Sleep" library="BuiltIn">
<arg>1 seconds</arg>
<doc>Pauses the test executed for the given time.</doc>
<msg timestamp="20220315 22:01:05.845" level="INFO">Slept 1 second</msg>
<status status="PASS" starttime="20220315 22:01:04.835" endtime="20220315 22:01:05.845"/>
</kw>
<kw name="Mouse Move" library="SikuliLibrary">
<arg>${IMAGE_SEGMENTOOCR}</arg>
<doc>Mouse moveMove the mouse pointer to the target</doc>
<msg timestamp="20220315 22:01:06.532" level="INFO" html="true">&lt;img src='sikuli_captured/sikuliximage-1647392466005.png'/&gt;</msg>
<status status="PASS" starttime="20220315 22:01:05.846" endtime="20220315 22:01:06.532"/>
</kw>
<kw name="Click" library="SikuliLibrary">
<arg>${IMAGE_LUPAOCR}</arg>
<doc>Click</doc>
<msg timestamp="20220315 22:01:07.463" level="INFO" html="true">&lt;img src='sikuli_captured/sikuliximage-1647392466735.png'/&gt;
[log] CLICK on L[661,346]@S(0) (539 msec)</msg>
<status status="PASS" starttime="20220315 22:01:06.532" endtime="20220315 22:01:07.463"/>
</kw>
<kw name="Click" library="SikuliLibrary">
<arg>${IMAGE_SEGPARTAUTOMACAO}</arg>
<doc>Click</doc>
<msg timestamp="20220315 22:01:08.382" level="INFO" html="true">&lt;img src='sikuli_captured/sikuliximage-1647392467667.png'/&gt;
[log] CLICK on L[650,222]@S(0) (543 msec)</msg>
<status status="PASS" starttime="20220315 22:01:07.464" endtime="20220315 22:01:08.382"/>
</kw>
<kw name="Sleep" library="BuiltIn">
<arg>1 seconds</arg>
<doc>Pauses the test executed for the given time.</doc>
<msg timestamp="20220315 22:01:09.394" level="INFO">Slept 1 second</msg>
<status status="PASS" starttime="20220315 22:01:08.382" endtime="20220315 22:01:09.394"/>
</kw>
<kw name="Click Button" library="WhiteLibrary">
<arg>${BUTTON_APLICAROCR}</arg>
<doc>Clicks a button.</doc>
<status status="PASS" starttime="20220315 22:01:09.395" endtime="20220315 22:01:12.154"/>
</kw>
<kw name="Sleep" library="BuiltIn">
<arg>1 seconds</arg>
<doc>Pauses the test executed for the given time.</doc>
<msg timestamp="20220315 22:01:13.167" level="INFO">Slept 1 second</msg>
<status status="PASS" starttime="20220315 22:01:12.154" endtime="20220315 22:01:13.167"/>
</kw>
<kw name="Get Application Windows" library="WhiteLibrary">
<var>@{ALTERARRESERVA}</var>
<doc>Returns a list of windows belonging to the currently attached application.</doc>
<msg timestamp="20220315 22:01:13.270" level="INFO">@{ALTERARRESERVA} = [ Visual Hotal FrontOffice v12.01.2204.00 - [Alterar Reserva - AUTOMACAO DE TESTES] ]</msg>
<status status="PASS" starttime="20220315 22:01:13.167" endtime="20220315 22:01:13.271"/>
</kw>
<kw name="Attach Window" library="WhiteLibrary">
<arg>${ALTERARRESERVA[0]}</arg>
<doc>Attaches WhiteLibrary to a window.</doc>
<status status="PASS" starttime="20220315 22:01:13.271" endtime="20220315 22:01:13.276"/>
</kw>
<kw name="Click Button" library="WhiteLibrary">
<arg>${BUTTON_CONFIRMAR}</arg>
<doc>Clicks a button.</doc>
<status status="PASS" starttime="20220315 22:01:13.276" endtime="20220315 22:01:19.983"/>
</kw>
<status status="PASS" starttime="20220315 22:00:52.293" endtime="20220315 22:01:19.985"/>
</kw>
<kw name="Conferir se a tela principal do modulo VHF foi exibida pós Edição da reserva">
<kw name="Set White Busy Timeout" library="WhiteLibrary">
<arg>10 seconds</arg>
<doc>Sets BusyTimeout for White and returns original value.</doc>
<msg timestamp="20220315 22:01:19.991" level="INFO">White Busy Timeout set to 10000</msg>
<status status="PASS" starttime="20220315 22:01:19.990" endtime="20220315 22:01:19.991"/>
</kw>
<kw name="Move Mouse" library="WhiteLibrary">
<arg>610</arg>
<arg>210</arg>
<doc>Add (``x``, ``y``) to current mouse location.</doc>
<status status="PASS" starttime="20220315 22:01:19.991" endtime="20220315 22:01:19.992"/>
</kw>
<kw name="Get Application Windows" library="WhiteLibrary">
<var>@{SITUACAORES}</var>
<doc>Returns a list of windows belonging to the currently attached application.</doc>
<msg timestamp="20220315 22:01:20.123" level="INFO">@{SITUACAORES} = [ Situação da Reserva | Visual Hotal FrontOffice v12.01.2204.00 - [Alterar Reserva - AUTOMACAO DE TESTES] ]</msg>
<status status="PASS" starttime="20220315 22:01:19.992" endtime="20220315 22:01:20.123"/>
</kw>
<kw name="Attach Window" library="WhiteLibrary">
<arg>${SITUACAORES[0]}</arg>
<doc>Attaches WhiteLibrary to a window.</doc>
<status status="PASS" starttime="20220315 22:01:20.123" endtime="20220315 22:01:20.129"/>
</kw>
<kw name="Sleep" library="BuiltIn">
<arg>1 seconds</arg>
<doc>Pauses the test executed for the given time.</doc>
<msg timestamp="20220315 22:01:21.141" level="INFO">Slept 1 second</msg>
<status status="PASS" starttime="20220315 22:01:20.129" endtime="20220315 22:01:21.141"/>
</kw>
<kw name="Window Title Should Contain" library="WhiteLibrary">
<arg>${TITLE_SITUACAORES}</arg>
<doc>Verifies that the title of the currently attached window contains text ``expected``.</doc>
<status status="PASS" starttime="20220315 22:01:21.142" endtime="20220315 22:01:21.148"/>
</kw>
<kw name="Screen Should Contain" library="SikuliLibrary">
<arg>${IMAGE_CONFIRMACAORES}</arg>
<doc>Screen should contain</doc>
<msg timestamp="20220315 22:01:21.348" level="INFO" html="true">&lt;img src='sikuli_captured/sikuliximage-1647392481333.png'/&gt;</msg>
<status status="PASS" starttime="20220315 22:01:21.149" endtime="20220315 22:01:21.348"/>
</kw>
<kw name="Click" library="SikuliLibrary">
<arg>${IMAGE_SAIRRES}</arg>
<doc>Click</doc>
<msg timestamp="20220315 22:01:22.341" level="INFO" html="true">&lt;img src='sikuli_captured/sikuliximage-1647392481569.png'/&gt;
[log] CLICK on L[890,420]@S(0) (557 msec)</msg>
<status status="PASS" starttime="20220315 22:01:21.348" endtime="20220315 22:01:22.342"/>
</kw>
<status status="PASS" starttime="20220315 22:01:19.989" endtime="20220315 22:01:22.343"/>
</kw>
<kw name="Sair da Tela de Consulta Geral">
<kw name="Set White Busy Timeout" library="WhiteLibrary">
<arg>10 seconds</arg>
<doc>Sets BusyTimeout for White and returns original value.</doc>
<msg timestamp="20220315 22:01:22.345" level="INFO">White Busy Timeout set to 10000</msg>
<status status="PASS" starttime="20220315 22:01:22.344" endtime="20220315 22:01:22.345"/>
</kw>
<kw name="Get Application Windows" library="WhiteLibrary">
<var>@{CONSULTAGERAL2}</var>
<doc>Returns a list of windows belonging to the currently attached application.</doc>
<msg timestamp="20220315 22:01:23.150" level="INFO">@{CONSULTAGERAL2} = [ Visual Hotal FrontOffice v12.01.2204.00 - [Consulta Geral] ]</msg>
<status status="PASS" starttime="20220315 22:01:22.345" endtime="20220315 22:01:23.150"/>
</kw>
<kw name="Attach Window" library="WhiteLibrary">
<arg>${CONSULTAGERAL2[0]}</arg>
<doc>Attaches WhiteLibrary to a window.</doc>
<status status="PASS" starttime="20220315 22:01:23.151" endtime="20220315 22:01:23.155"/>
</kw>
<kw name="Click Button" library="WhiteLibrary">
<arg>${BUTTON_SAIR}</arg>
<doc>Clicks a button.</doc>
<status status="PASS" starttime="20220315 22:01:23.156" endtime="20220315 22:01:23.398"/>
</kw>
<status status="PASS" starttime="20220315 22:01:22.344" endtime="20220315 22:01:23.398"/>
</kw>
<kw name="Conectar na Base de Dados">
<kw name="Connect To Database" library="DatabaseLibrary">
<arg>dbapiModuleName=${DBAPI}</arg>
<arg>dbName=${DBName}</arg>
<arg>dbUsername=${DBUser}</arg>
<arg>dbPassword=${DBPass}</arg>
<arg>dbHost=${DBHost}</arg>
<arg>dbPort=${DBPort}</arg>
<arg>dbConfigFile=${DBCONFIG}</arg>
<doc>Loads the DB API 2.0 module given `dbapiModuleName` then uses it to
connect to the database using `dbName`, `dbUsername`, and `dbPassword`.</doc>
<msg timestamp="20220315 22:01:23.420" level="INFO">Connecting using : pymssql.connect(database=QA_FRONT, user=cm, password=cmsol, host=RJOSRVDBODEV001, port=1433) </msg>
<status status="PASS" starttime="20220315 22:01:23.400" endtime="20220315 22:01:23.689"/>
</kw>
<status status="PASS" starttime="20220315 22:01:23.399" endtime="20220315 22:01:23.689"/>
</kw>
<kw name="Conferir as alterações programadas na tabela orcamentoreserva">
<var>${RESULT_QUERY}</var>
<arg>select r.IdReservasFront, r.numreserva, oc.DATA, oc.idTarifa, oc.CODPENSAO, oc.VALOR, oc.VALORTARIFA, oc.VALORMANUAL, oc.VALORCAFE, oc.VALORPENSAO, oc.CodSegmento from reservasfront r, ORCAMENTORESERVA oc where r.idhotel = 1 and r.numreserva = ${NUMRESERVA} and r.idhotel = oc.idhotel and r.idreservasfront = oc.idreservasfront order by data asc</arg>
<kw name="Query" library="DatabaseLibrary">
<var>${RESPONSE_QUERY}</var>
<arg>selectStatement=${QUERY}</arg>
<doc>Uses the input `selectStatement` to query for the values that will be returned as a list of tuples. Set optional
input `sansTran` to True to run command without an explicit transaction commit or rollback.
Set optional input `returnAsDict` to True to return values as a list of dictionaries.</doc>
<msg timestamp="20220315 22:01:23.691" level="INFO">Executing : Query  |  select r.IdReservasFront, r.numreserva, oc.DATA, oc.idTarifa, oc.CODPENSAO, oc.VALOR, oc.VALORTARIFA, oc.VALORMANUAL, oc.VALORCAFE, oc.VALORPENSAO, oc.CodSegmento from reservasfront r, ORCAMENTORESERVA oc where r.idhotel = 1 and r.numreserva = 1192132 and r.idhotel = oc.idhotel and r.idreservasfront = oc.idreservasfront order by data asc </msg>
<msg timestamp="20220315 22:01:23.775" level="INFO">${RESPONSE_QUERY} = [(Decimal('108324.00'), Decimal('1192132.00'), datetime.datetime(2022, 3, 14, 0, 0), Decimal('131.00'), 'M', Decimal('600.00'), Decimal('609.00'), Decimal('600.00'), Decimal('0.00'), Decimal('85.00'),...</msg>
<status status="PASS" starttime="20220315 22:01:23.691" endtime="20220315 22:01:23.775"/>
</kw>
<msg timestamp="20220315 22:01:23.776" level="INFO">${RESULT_QUERY} = [(Decimal('108324.00'), Decimal('1192132.00'), datetime.datetime(2022, 3, 14, 0, 0), Decimal('131.00'), 'M', Decimal('600.00'), Decimal('609.00'), Decimal('600.00'), Decimal('0.00'), Decimal('85.00'),...</msg>
<status status="PASS" starttime="20220315 22:01:23.690" endtime="20220315 22:01:23.776"/>
</kw>
<kw name="Log" library="BuiltIn">
<arg>Linha 1 ${RESULT_QUERY[0][0]} - NUMRESERVA: ${RESULT_QUERY[0][1]} - DATA: ${RESULT_QUERY[0][2]} - IDTARIFA: ${RESULT_QUERY[0][3]} - CODPENSAO: ${RESULT_QUERY[0][4]} - VALOR: ${RESULT_QUERY[0][5]} - VALORTARIFA: ${RESULT_QUERY[0][6]} - VALORMANUAL: ${RESULT_QUERY[0][7]} - VALORCAFE: ${RESULT_QUERY[0][8]} - VALORPENSAO: ${RESULT_QUERY[0][9]} - CODSEGMENTO: ${RESULT_QUERY[0][10]}</arg>
<doc>Logs the given message with the given level.</doc>
<msg timestamp="20220315 22:01:23.823" level="INFO">Linha 1 108324.00 - NUMRESERVA: 1192132.00 - DATA: 2022-03-14 00:00:00 - IDTARIFA: 131.00 - CODPENSAO: M - VALOR: 600.00 - VALORTARIFA: 609.00 - VALORMANUAL: 600.00 - VALORCAFE: 0.00 - VALORPENSAO: 85.00 - CODSEGMENTO: 0105</msg>
<status status="PASS" starttime="20220315 22:01:23.777" endtime="20220315 22:01:23.823"/>
</kw>
<kw name="Log" library="BuiltIn">
<arg>Linha 2 ${RESULT_QUERY[1][0]} - NUMRESERVA: ${RESULT_QUERY[0][1]} - DATA: ${RESULT_QUERY[1][2]} - IDTARIFA: ${RESULT_QUERY[1][3]} - CODPENSAO: ${RESULT_QUERY[1][4]} - VALOR: ${RESULT_QUERY[1][5]} - VALORTARIFA: ${RESULT_QUERY[1][6]} - VALORMANUAL: ${RESULT_QUERY[1][7]} - VALORCAFE: ${RESULT_QUERY[1][8]} - VALORPENSAO: ${RESULT_QUERY[1][9]} - CODSEGMENTO: ${RESULT_QUERY[1][10]}</arg>
<doc>Logs the given message with the given level.</doc>
<msg timestamp="20220315 22:01:23.869" level="INFO">Linha 2 108324.00 - NUMRESERVA: 1192132.00 - DATA: 2022-03-15 00:00:00 - IDTARIFA: 131.00 - CODPENSAO: M - VALOR: 600.00 - VALORTARIFA: 609.00 - VALORMANUAL: 600.00 - VALORCAFE: 0.00 - VALORPENSAO: 85.00 - CODSEGMENTO: 0105</msg>
<status status="PASS" starttime="20220315 22:01:23.824" endtime="20220315 22:01:23.869"/>
</kw>
<kw name="Log" library="BuiltIn">
<arg>Linha 3 ${RESULT_QUERY[2][0]} - NUMRESERVA: ${RESULT_QUERY[0][1]} - DATA: ${RESULT_QUERY[2][2]} - IDTARIFA: ${RESULT_QUERY[2][3]} - CODPENSAO: ${RESULT_QUERY[2][4]} - VALOR: ${RESULT_QUERY[2][5]} - VALORTARIFA: ${RESULT_QUERY[2][6]} - VALORMANUAL: ${RESULT_QUERY[2][7]} - VALORCAFE: ${RESULT_QUERY[2][8]} - VALORPENSAO: ${RESULT_QUERY[2][9]} - CODSEGMENTO: ${RESULT_QUERY[2][10]}</arg>
<doc>Logs the given message with the given level.</doc>
<msg timestamp="20220315 22:01:23.903" level="INFO">Linha 3 108324.00 - NUMRESERVA: 1192132.00 - DATA: 2022-03-16 00:00:00 - IDTARIFA: 131.00 - CODPENSAO: M - VALOR: 600.00 - VALORTARIFA: 609.00 - VALORMANUAL: 600.00 - VALORCAFE: 0.00 - VALORPENSAO: 85.00 - CODSEGMENTO: 0105</msg>
<status status="PASS" starttime="20220315 22:01:23.870" endtime="20220315 22:01:23.903"/>
</kw>
<kw name="Conferir os valores alterados manualmente no Orcamento da Reserva">
<kw name="Row Count" library="DatabaseLibrary">
<var>${ROWCOUNT}</var>
<arg>selectStatement=select r.IdReservasFront, r.numreserva, oc.DATA, oc.idTarifa, oc.CODPENSAO, oc.VALOR, oc.VALORTARIFA, oc.VALORMANUAL, oc.VALORCAFE, oc.VALORPENSAO, oc.CodSegmento from reservasfront r, ORCAMENTORESERVA oc where r.idhotel = 1 and r.numreserva = ${NUMRESERVA} and r.idhotel = oc.idhotel and r.idreservasfront = oc.idreservasfront order by data asc</arg>
<doc>Uses the input `selectStatement` to query the database and returns the number of rows from the query. Set
optional input `sansTran` to True to run command without an explicit transaction commit or rollback.</doc>
<msg timestamp="20220315 22:01:23.905" level="INFO">Executing : Row Count  |  select r.IdReservasFront, r.numreserva, oc.DATA, oc.idTarifa, oc.CODPENSAO, oc.VALOR, oc.VALORTARIFA, oc.VALORMANUAL, oc.VALORCAFE, oc.VALORPENSAO, oc.CodSegmento from reservasfront r, ORCAMENTORESERVA oc where r.idhotel = 1 and r.numreserva = 1192132 and r.idhotel = oc.idhotel and r.idreservasfront = oc.idreservasfront order by data asc </msg>
<msg timestamp="20220315 22:01:23.982" level="INFO">${ROWCOUNT} = 3</msg>
<status status="PASS" starttime="20220315 22:01:23.904" endtime="20220315 22:01:23.982"/>
</kw>
<kw name="Should Be Equal As Integers" library="BuiltIn">
<arg>3</arg>
<arg>${ROWCOUNT}</arg>
<arg>values=TRUE</arg>
<doc>Fails if objects are unequal after converting them to integers.</doc>
<msg timestamp="20220315 22:01:23.983" level="INFO">Argument types are:
&lt;type 'unicode'&gt;
&lt;class 'int'&gt;</msg>
<status status="PASS" starttime="20220315 22:01:23.982" endtime="20220315 22:01:23.983"/>
</kw>
<kw name="Check If Exists In Database" library="DatabaseLibrary">
<arg>selectStatement=select r.IdReservasFront, r.numreserva, oc.DATA, oc.idTarifa, oc.CODPENSAO, oc.VALOR, oc.VALORTARIFA, oc.VALORMANUAL, oc.VALORCAFE, oc.VALORPENSAO, oc.CodSegmento from reservasfront r, ORCAMENTORESERVA oc where r.idhotel = 1 and r.numreserva = ${NUMRESERVA} and valormanual = ${DADOS_RES.vlrmanual} and r.idhotel = oc.idhotel and r.idreservasfront = oc.idreservasfront</arg>
<doc>Check if any row would be returned by given the input `selectStatement`. If there are no results, then this will
throw an AssertionError. Set optional input `sansTran` to True to run command without an explicit transaction
commit or rollback.</doc>
<msg timestamp="20220315 22:01:23.986" level="INFO">Executing : Check If Exists In Database  |  select r.IdReservasFront, r.numreserva, oc.DATA, oc.idTarifa, oc.CODPENSAO, oc.VALOR, oc.VALORTARIFA, oc.VALORMANUAL, oc.VALORCAFE, oc.VALORPENSAO, oc.CodSegmento from reservasfront r, ORCAMENTORESERVA oc where r.idhotel = 1 and r.numreserva = 1192132 and valormanual = 600 and r.idhotel = oc.idhotel and r.idreservasfront = oc.idreservasfront </msg>
<msg timestamp="20220315 22:01:23.986" level="INFO">Executing : Query  |  select r.IdReservasFront, r.numreserva, oc.DATA, oc.idTarifa, oc.CODPENSAO, oc.VALOR, oc.VALORTARIFA, oc.VALORMANUAL, oc.VALORCAFE, oc.VALORPENSAO, oc.CodSegmento from reservasfront r, ORCAMENTORESERVA oc where r.idhotel = 1 and r.numreserva = 1192132 and valormanual = 600 and r.idhotel = oc.idhotel and r.idreservasfront = oc.idreservasfront </msg>
<status status="PASS" starttime="20220315 22:01:23.983" endtime="20220315 22:01:24.067"/>
</kw>
<status status="PASS" starttime="20220315 22:01:23.904" endtime="20220315 22:01:24.068"/>
</kw>
<kw name="Desconectar da Base de Dados">
<kw name="Disconnect From Database" library="DatabaseLibrary">
<doc>Disconnects from the database.</doc>
<msg timestamp="20220315 22:01:24.069" level="INFO">Executing : Disconnect From Database</msg>
<status status="PASS" starttime="20220315 22:01:24.069" endtime="20220315 22:01:24.070"/>
</kw>
<status status="PASS" starttime="20220315 22:01:24.069" endtime="20220315 22:01:24.070"/>
</kw>
<kw name="Conferir se a tela principal do modulo VHF foi exibida" library="ConferenceDesktop">
<kw name="Set White Busy Timeout" library="WhiteLibrary">
<arg>${CONFERENCIA_TIMEOUT}</arg>
<doc>Sets BusyTimeout for White and returns original value.</doc>
<msg timestamp="20220315 22:01:24.071" level="INFO">White Busy Timeout set to 10000</msg>
<status status="PASS" starttime="20220315 22:01:24.071" endtime="20220315 22:01:24.071"/>
</kw>
<kw name="Attach Window" library="WhiteLibrary">
<arg>${SCREEN_TELAPRINCIPAL}</arg>
<doc>Attaches WhiteLibrary to a window.</doc>
<status status="PASS" starttime="20220315 22:01:24.072" endtime="20220315 22:01:24.098"/>
</kw>
<kw name="Window Title Should Contain" library="WhiteLibrary">
<arg>Visual Hotal FrontOffice</arg>
<doc>Verifies that the title of the currently attached window contains text ``expected``.</doc>
<status status="PASS" starttime="20220315 22:01:24.099" endtime="20220315 22:01:24.111"/>
</kw>
<status status="PASS" starttime="20220315 22:01:24.070" endtime="20220315 22:01:24.112"/>
</kw>
<status status="PASS" starttime="20220315 21:58:59.103" endtime="20220315 22:01:24.112"/>
</test>
<kw name="Stop Remote Server" library="SikuliLibrary" type="TEARDOWN">
<doc>Stops the remote server.</doc>
<msg timestamp="20220315 22:01:24.121" level="INFO">Robot Framework remote server stopping</msg>
<status status="PASS" starttime="20220315 22:01:24.114" endtime="20220315 22:01:24.122"/>
</kw>
<doc>Sikuli Library Demo</doc>
<status status="PASS" starttime="20220315 21:58:45.358" endtime="20220315 22:01:24.122"/>
</suite>
<status status="PASS" starttime="20220315 21:58:45.328" endtime="20220315 22:01:24.126"/>
</suite>
<statistics>
<total>
<stat pass="1" fail="0" skip="0">All Tests</stat>
</total>
<tag>
</tag>
<suite>
<stat pass="1" fail="0" skip="0" id="s1" name="CT 02 OrcamentoReserva">CT 02 OrcamentoReserva</stat>
<stat pass="1" fail="0" skip="0" id="s1-s1" name="CN 02.01 FazerReservaComAlteracoesProgramadas(ValorManual,Desconto,Tarifa,Pacote,DiferencaDeDiaria,Segmento,Pensao)EVerificarOrcamento">CT 02 OrcamentoReserva.CN 02.01 FazerReservaComAlteracoesProgramadas(ValorManual,Desconto,Tarifa,Pacote,DiferencaDeDiaria,Segmento,Pensao)EVerificarOrcamento</stat>
</suite>
</statistics>
<errors>
</errors>
</robot>
